[2025-12-25 17:58:55] [INFO] ========================================
[2025-12-25 17:58:55] [INFO] npm install 安全実行スクリプト開始
[2025-12-25 17:58:55] [INFO] ========================================
[2025-12-25 17:58:55] [INFO] [DryRun] 管理者権限チェックをスキップ
[2025-12-25 17:58:55] [INFO] [DryRun] ファイアウォールルール存在チェックをスキップ
[2025-12-25 17:58:55] [INFO] [DryRun] ファイアウォール初期状態の取得をスキップ
[2025-12-25 17:58:55] [INFO] 実行コマンド: npm install express
[2025-12-25 17:58:55] [INFO] [DryRun] 次の操作をシミュレートします:
[2025-12-25 17:58:55] [INFO] [DryRun] ファイアウォール一時解除: Set-NetFirewallRule -DisplayName 'Block Node.js Outbound' -Enabled False
[2025-12-25 17:58:55] [INFO] [DryRun] 実行予定コマンド: npm install express
[2025-12-25 17:58:55] [INFO] [DryRun] ファイアウォール再ブロック: Set-NetFirewallRule -DisplayName 'Block Node.js Outbound' -Enabled True
[2025-12-25 17:58:55] [INFO] ========================================
[2025-12-25 17:58:55] [INFO] npm uninstall 安全実行スクリプト開始
[2025-12-25 17:58:55] [INFO] ========================================
[2025-12-25 17:58:55] [INFO] [DryRun] 管理者権限チェックをスキップ
[2025-12-25 17:58:55] [INFO] [DryRun] ファイアウォールルール存在チェックをスキップ
[2025-12-25 17:58:55] [INFO] [DryRun] ファイアウォール初期状態の取得をスキップ
[2025-12-25 17:58:55] [INFO] 実行コマンド: npm uninstall express
[2025-12-25 17:58:55] [INFO] [DryRun] 次の操作をシミュレートします:
[2025-12-25 17:58:55] [INFO] [DryRun] ファイアウォール一時解除: Set-NetFirewallRule -DisplayName 'Block Node.js Outbound' -Enabled False
[2025-12-25 17:58:55] [INFO] [DryRun] 実行予定コマンド: npm uninstall express
[2025-12-25 17:58:55] [INFO] [DryRun] ファイアウォール再ブロック: Set-NetFirewallRule -DisplayName 'Block Node.js Outbound' -Enabled True
[2025-12-25 18:36:46] [INFO] ========================================
[2025-12-25 18:36:46] [INFO] npm install 安全実行スクリプト開始
[2025-12-25 18:36:46] [INFO] ========================================
[2025-12-25 18:36:46] [ERROR] エラー: -SkipAdminCheck は -DryRun との併用時のみ有効です。単独では使用できません。
[2025-12-25 18:36:46] [ERROR] 検証目的の場合は -DryRun を追加してください。
[2025-12-25 18:36:46] [INFO] Node.js の送信通信を再度ブロックします...
[2025-12-25 18:36:49] [ERROR] エラー: ファイアウォールの再ブロックに失敗しました: No MSFT_NetFirewallRule objects found with property 'DisplayName' equal to 'Block Node.js Outbound'.  Verify the value of the property and retry.
[2025-12-25 18:36:49] [ERROR] 手動で再ブロックしてください: Set-NetFirewallRule -DisplayName 'Block Node.js Outbound' -Enabled True
[2025-12-25 18:36:49] [INFO] ========================================
[2025-12-25 18:36:49] [INFO] 処理完了
[2025-12-25 18:36:49] [INFO] ========================================
[2025-12-25 18:36:56] [INFO] ========================================
[2025-12-25 18:36:56] [INFO] npm install 安全実行スクリプト開始
[2025-12-25 18:36:56] [INFO] ========================================
[2025-12-25 18:36:56] [INFO] [DryRun] 管理者権限チェックをスキップ
[2025-12-25 18:36:56] [INFO] [DryRun] ファイアウォールルール存在チェックをスキップ
[2025-12-25 18:36:56] [INFO] [DryRun] ファイアウォール初期状態の取得をスキップ
[2025-12-25 18:36:56] [INFO] 実行コマンド: npm install express
[2025-12-25 18:36:56] [INFO] [DryRun] 次の操作をシミュレートします:
[2025-12-25 18:36:56] [INFO] [DryRun] ファイアウォール一時解除: Set-NetFirewallRule -DisplayName 'Block Node.js Outbound' -Enabled False
[2025-12-25 18:36:56] [INFO] [DryRun] 実行予定コマンド: npm install express
[2025-12-25 18:36:56] [INFO] [DryRun] ファイアウォール再ブロック: Set-NetFirewallRule -DisplayName 'Block Node.js Outbound' -Enabled True
