====================================
test.sql

Column1
-------
Microsoft SQL Server 2022 (RTM-CU5) (KB5026806) - 16.0.4045.3 (X64)
	May 26 2023 12:52:08
	Copyright (C) 2022 Microsoft Corporation
	Developer Edition (64-bit) on Linux (Ubuntu 20.04.6 LTS) <X64>


====================================
====================================
test2.sql
///エラーが発生しました。///
Incorrect syntax near the keyword 'FROM'. 
 メッセージ 156、レベル 15、状態 1、プロシージャ 、行 1。
====================================
====================================
test3.sql

TableNameId Column1
----------- -------
          1 TEST
          2 テスト
          3 こんにちは
          4 안녕하세요
          5 日本語
          6 Ｓｈｉｆ－ＪＩＳ


====================================
====================================
test4.sql

TableNameId Column1 Column2
----------- ------- -------
          5 日本語  Tiếng Nhật
          5 日本語  Tiếng Nhật


====================================
====================================
test5.sql

TableNameId Column1          Column2
----------- -------          -------
          6 Ｓｈｉｆ－ＪＩＳ シフトジスｼﾌﾄｼﾞｽ
          6 Ｓｈｉｆ－ＪＩＳ シフトジスｼﾌﾄｼﾞｽ


====================================
====================================
test6.sql

TableNameId Column1          Column2
----------- -------          -------
          1 TEST             ABCDE
          2 テスト           森鴎外
          3 こんにちは       สวัสดี
          4 안녕하세요       你好
          5 日本語           Tiếng Nhật
          6 Ｓｈｉｆ－ＪＩＳ シフトジスｼﾌﾄｼﾞｽ


====================================
====================================
testSTP.sql

====================================
